2017-11-21 15:35:09,wxpay:POST:<xml><appid><![CDATA[wxfb7a886d5e56d43e]]></appid>
<attach><![CDATA[60个元宝]]></attach>
<bank_type><![CDATA[CFT]]></bank_type>
<cash_fee><![CDATA[1]]></cash_fee>
<fee_type><![CDATA[CNY]]></fee_type>
<is_subscribe><![CDATA[N]]></is_subscribe>
<mch_id><![CDATA[1369778202]]></mch_id>
<nonce_str><![CDATA[h8jx9liho1bezal2k5bz4qkv0qqgezxo]]></nonce_str>
<openid><![CDATA[ozzPxvjtr5zttbEblmIBBk39MxQc]]></openid>
<out_trade_no><![CDATA[1511249016]]></out_trade_no>
<result_code><![CDATA[SUCCESS]]></result_code>
<return_code><![CDATA[SUCCESS]]></return_code>
<sign><![CDATA[199EB202443A3AEFA485C9670C67D6C7]]></sign>
<time_end><![CDATA[20171121152344]]></time_end>
<total_fee>1</total_fee>
<trade_type><![CDATA[JSAPI]]></trade_type>
<transaction_id><![CDATA[4200000015201711216107933930]]></transaction_id>
</xml>
2017-11-21 15:35:23,wxpay:POST:<xml><appid><![CDATA[wxfb7a886d5e56d43e]]></appid>
<attach><![CDATA[60个元宝]]></attach>
<bank_type><![CDATA[CFT]]></bank_type>
<cash_fee><![CDATA[1]]></cash_fee>
<fee_type><![CDATA[CNY]]></fee_type>
<is_subscribe><![CDATA[N]]></is_subscribe>
<mch_id><![CDATA[1369778202]]></mch_id>
<nonce_str><![CDATA[h8jx9liho1bezal2k5bz4qkv0qqgezxo]]></nonce_str>
<openid><![CDATA[ozzPxvjtr5zttbEblmIBBk39MxQc]]></openid>
<out_trade_no><![CDATA[1511249016]]></out_trade_no>
<result_code><![CDATA[SUCCESS]]></result_code>
<return_code><![CDATA[SUCCESS]]></return_code>
<sign><![CDATA[199EB202443A3AEFA485C9670C67D6C7]]></sign>
<time_end><![CDATA[20171121152344]]></time_end>
<total_fee>1</total_fee>
<trade_type><![CDATA[JSAPI]]></trade_type>
<transaction_id><![CDATA[4200000015201711216107933930]]></transaction_id>
</xml>
2017-11-21 15:49:09,wxpay:POST:<xml><appid><![CDATA[wxfb7a886d5e56d43e]]></appid>
<attach><![CDATA[60个元宝]]></attach>
<bank_type><![CDATA[CFT]]></bank_type>
<cash_fee><![CDATA[1]]></cash_fee>
<fee_type><![CDATA[CNY]]></fee_type>
<is_subscribe><![CDATA[N]]></is_subscribe>
<mch_id><![CDATA[1369778202]]></mch_id>
<nonce_str><![CDATA[ptm7zjozpl6fl26hbft0q1aly8i36s2u]]></nonce_str>
<openid><![CDATA[ozzPxvjtr5zttbEblmIBBk39MxQc]]></openid>
<out_trade_no><![CDATA[851321504820193652]]></out_trade_no>
<result_code><![CDATA[SUCCESS]]></result_code>
<return_code><![CDATA[SUCCESS]]></return_code>
<sign><![CDATA[4D9549FE038ABA1B4AA57E22391EF1ED]]></sign>
<time_end><![CDATA[20171121154806]]></time_end>
<total_fee>1</total_fee>
<trade_type><![CDATA[JSAPI]]></trade_type>
<transaction_id><![CDATA[4200000023201711216114951226]]></transaction_id>
</xml>
