2017-11-17 14:58:08,wxpay:POST:<xml><appid><![CDATA[wxfb7a886d5e56d43e]]></appid>
<attach><![CDATA[60个元宝]]></attach>
<bank_type><![CDATA[CFT]]></bank_type>
<cash_fee><![CDATA[1]]></cash_fee>
<fee_type><![CDATA[CNY]]></fee_type>
<is_subscribe><![CDATA[N]]></is_subscribe>
<mch_id><![CDATA[1369778202]]></mch_id>
<nonce_str><![CDATA[f35zvxx4ckb4lvzemfys4e61j38l6d6d]]></nonce_str>
<openid><![CDATA[ozzPxvjtr5zttbEblmIBBk39MxQc]]></openid>
<out_trade_no><![CDATA[851317003956725119]]></out_trade_no>
<result_code><![CDATA[SUCCESS]]></result_code>
<return_code><![CDATA[SUCCESS]]></return_code>
<sign><![CDATA[6ECF9E3C83E19A224B827BC735D6747C]]></sign>
<time_end><![CDATA[20171117143336]]></time_end>
<total_fee>1</total_fee>
<trade_type><![CDATA[NATIVE]]></trade_type>
<transaction_id><![CDATA[4200000005201711175235191025]]></transaction_id>
</xml>
2017-11-17 15:20:18,wxpay:POST:<xml><appid><![CDATA[wxfb7a886d5e56d43e]]></appid>
<attach><![CDATA[60个元宝]]></attach>
<bank_type><![CDATA[CFT]]></bank_type>
<cash_fee><![CDATA[1]]></cash_fee>
<fee_type><![CDATA[CNY]]></fee_type>
<is_subscribe><![CDATA[N]]></is_subscribe>
<mch_id><![CDATA[1369778202]]></mch_id>
<nonce_str><![CDATA[f35zvxx4ckb4lvzemfys4e61j38l6d6d]]></nonce_str>
<openid><![CDATA[ozzPxvjtr5zttbEblmIBBk39MxQc]]></openid>
<out_trade_no><![CDATA[851317003956725119]]></out_trade_no>
<result_code><![CDATA[SUCCESS]]></result_code>
<return_code><![CDATA[SUCCESS]]></return_code>
<sign><![CDATA[6ECF9E3C83E19A224B827BC735D6747C]]></sign>
<time_end><![CDATA[20171117143336]]></time_end>
<total_fee>1</total_fee>
<trade_type><![CDATA[NATIVE]]></trade_type>
<transaction_id><![CDATA[4200000005201711175235191025]]></transaction_id>
</xml>
2017-11-17 15:20:43,wxpay:POST:<xml><appid><![CDATA[wxfb7a886d5e56d43e]]></appid>
<attach><![CDATA[60个元宝]]></attach>
<bank_type><![CDATA[CFT]]></bank_type>
<cash_fee><![CDATA[1]]></cash_fee>
<fee_type><![CDATA[CNY]]></fee_type>
<is_subscribe><![CDATA[N]]></is_subscribe>
<mch_id><![CDATA[1369778202]]></mch_id>
<nonce_str><![CDATA[f35zvxx4ckb4lvzemfys4e61j38l6d6d]]></nonce_str>
<openid><![CDATA[ozzPxvjtr5zttbEblmIBBk39MxQc]]></openid>
<out_trade_no><![CDATA[851317003956725119]]></out_trade_no>
<result_code><![CDATA[SUCCESS]]></result_code>
<return_code><![CDATA[SUCCESS]]></return_code>
<sign><![CDATA[6ECF9E3C83E19A224B827BC735D6747C]]></sign>
<time_end><![CDATA[20171117143336]]></time_end>
<total_fee>1</total_fee>
<trade_type><![CDATA[NATIVE]]></trade_type>
<transaction_id><![CDATA[4200000005201711175235191025]]></transaction_id>
</xml>
2017-11-17 15:21:05,wxpay:POST:<xml><appid><![CDATA[wxfb7a886d5e56d43e]]></appid>
<attach><![CDATA[60个元宝]]></attach>
<bank_type><![CDATA[CFT]]></bank_type>
<cash_fee><![CDATA[1]]></cash_fee>
<fee_type><![CDATA[CNY]]></fee_type>
<is_subscribe><![CDATA[N]]></is_subscribe>
<mch_id><![CDATA[1369778202]]></mch_id>
<nonce_str><![CDATA[f35zvxx4ckb4lvzemfys4e61j38l6d6d]]></nonce_str>
<openid><![CDATA[ozzPxvjtr5zttbEblmIBBk39MxQc]]></openid>
<out_trade_no><![CDATA[851317003956725119]]></out_trade_no>
<result_code><![CDATA[SUCCESS]]></result_code>
<return_code><![CDATA[SUCCESS]]></return_code>
<sign><![CDATA[6ECF9E3C83E19A224B827BC735D6747C]]></sign>
<time_end><![CDATA[20171117143336]]></time_end>
<total_fee>1</total_fee>
<trade_type><![CDATA[NATIVE]]></trade_type>
<transaction_id><![CDATA[4200000005201711175235191025]]></transaction_id>
</xml>
2017-11-17 15:21:21,wxpay:POST:<xml><appid><![CDATA[wxfb7a886d5e56d43e]]></appid>
<attach><![CDATA[60个元宝]]></attach>
<bank_type><![CDATA[CFT]]></bank_type>
<cash_fee><![CDATA[1]]></cash_fee>
<fee_type><![CDATA[CNY]]></fee_type>
<is_subscribe><![CDATA[N]]></is_subscribe>
<mch_id><![CDATA[1369778202]]></mch_id>
<nonce_str><![CDATA[f35zvxx4ckb4lvzemfys4e61j38l6d6d]]></nonce_str>
<openid><![CDATA[ozzPxvjtr5zttbEblmIBBk39MxQc]]></openid>
<out_trade_no><![CDATA[851317003956725119]]></out_trade_no>
<result_code><![CDATA[SUCCESS]]></result_code>
<return_code><![CDATA[SUCCESS]]></return_code>
<sign><![CDATA[6ECF9E3C83E19A224B827BC735D6747C]]></sign>
<time_end><![CDATA[20171117143336]]></time_end>
<total_fee>1</total_fee>
<trade_type><![CDATA[NATIVE]]></trade_type>
<transaction_id><![CDATA[4200000005201711175235191025]]></transaction_id>
</xml>
2017-11-17 15:21:27,wxpay:POST:<xml><appid><![CDATA[wxfb7a886d5e56d43e]]></appid>
<attach><![CDATA[60个元宝]]></attach>
<bank_type><![CDATA[CFT]]></bank_type>
<cash_fee><![CDATA[1]]></cash_fee>
<fee_type><![CDATA[CNY]]></fee_type>
<is_subscribe><![CDATA[N]]></is_subscribe>
<mch_id><![CDATA[1369778202]]></mch_id>
<nonce_str><![CDATA[f35zvxx4ckb4lvzemfys4e61j38l6d6d]]></nonce_str>
<openid><![CDATA[ozzPxvjtr5zttbEblmIBBk39MxQc]]></openid>
<out_trade_no><![CDATA[851317003956725119]]></out_trade_no>
<result_code><![CDATA[SUCCESS]]></result_code>
<return_code><![CDATA[SUCCESS]]></return_code>
<sign><![CDATA[6ECF9E3C83E19A224B827BC735D6747C]]></sign>
<time_end><![CDATA[20171117143336]]></time_end>
<total_fee>1</total_fee>
<trade_type><![CDATA[NATIVE]]></trade_type>
<transaction_id><![CDATA[4200000005201711175235191025]]></transaction_id>
</xml>
2017-11-17 15:21:32,wxpay:POST:<xml><appid><![CDATA[wxfb7a886d5e56d43e]]></appid>
<attach><![CDATA[60个元宝]]></attach>
<bank_type><![CDATA[CFT]]></bank_type>
<cash_fee><![CDATA[1]]></cash_fee>
<fee_type><![CDATA[CNY]]></fee_type>
<is_subscribe><![CDATA[N]]></is_subscribe>
<mch_id><![CDATA[1369778202]]></mch_id>
<nonce_str><![CDATA[f35zvxx4ckb4lvzemfys4e61j38l6d6d]]></nonce_str>
<openid><![CDATA[ozzPxvjtr5zttbEblmIBBk39MxQc]]></openid>
<out_trade_no><![CDATA[851317003956725119]]></out_trade_no>
<result_code><![CDATA[SUCCESS]]></result_code>
<return_code><![CDATA[SUCCESS]]></return_code>
<sign><![CDATA[6ECF9E3C83E19A224B827BC735D6747C]]></sign>
<time_end><![CDATA[20171117143336]]></time_end>
<total_fee>1</total_fee>
<trade_type><![CDATA[NATIVE]]></trade_type>
<transaction_id><![CDATA[4200000005201711175235191025]]></transaction_id>
</xml>
2017-11-17 16:02:55,wxpay:POST:<xml><appid><![CDATA[wxfb7a886d5e56d43e]]></appid>
<attach><![CDATA[60个元宝]]></attach>
<bank_type><![CDATA[CFT]]></bank_type>
<cash_fee><![CDATA[1]]></cash_fee>
<fee_type><![CDATA[CNY]]></fee_type>
<is_subscribe><![CDATA[N]]></is_subscribe>
<mch_id><![CDATA[1369778202]]></mch_id>
<nonce_str><![CDATA[26p0xsc72ruztzk19ybr0b35bixb8lh8]]></nonce_str>
<openid><![CDATA[ozzPxvjtr5zttbEblmIBBk39MxQc]]></openid>
<out_trade_no><![CDATA[851317055682127633]]></out_trade_no>
<result_code><![CDATA[SUCCESS]]></result_code>
<return_code><![CDATA[SUCCESS]]></return_code>
<sign><![CDATA[0E4EA6043BDF80271FC5A2540C745FBD]]></sign>
<time_end><![CDATA[20171117160010]]></time_end>
<total_fee>1</total_fee>
<trade_type><![CDATA[NATIVE]]></trade_type>
<transaction_id><![CDATA[4200000021201711175247364281]]></transaction_id>
2017-11-17 16:03:42,wxpay:POST:<xml><appid><![CDATA[wxfb7a886d5e56d43e]]></appid>
<attach><![CDATA[60个元宝]]></attach>
<bank_type><![CDATA[CFT]]></bank_type>
<cash_fee><![CDATA[1]]></cash_fee>
<fee_type><![CDATA[CNY]]></fee_type>
<is_subscribe><![CDATA[N]]></is_subscribe>
<mch_id><![CDATA[1369778202]]></mch_id>
<nonce_str><![CDATA[26p0xsc72ruztzk19ybr0b35bixb8lh8]]></nonce_str>
<openid><![CDATA[ozzPxvjtr5zttbEblmIBBk39MxQc]]></openid>
<out_trade_no><![CDATA[851317055682127633]]></out_trade_no>
<result_code><![CDATA[SUCCESS]]></result_code>
<return_code><![CDATA[SUCCESS]]></return_code>
<sign><![CDATA[0E4EA6043BDF80271FC5A2540C745FBD]]></sign>
<time_end><![CDATA[20171117160010]]></time_end>
<total_fee>1</total_fee>
<trade_type><![CDATA[NATIVE]]></trade_type>
<transaction_id><![CDATA[4200000021201711175247364281]]></transaction_id>
</xml>
2017-11-17 16:51:58,wxpay:POST:<xml><appid><![CDATA[wxfb7a886d5e56d43e]]></appid>
<attach><![CDATA[60个元宝]]></attach>
<bank_type><![CDATA[CFT]]></bank_type>
<cash_fee><![CDATA[1]]></cash_fee>
<fee_type><![CDATA[CNY]]></fee_type>
<is_subscribe><![CDATA[N]]></is_subscribe>
<mch_id><![CDATA[1369778202]]></mch_id>
<nonce_str><![CDATA[26p0xsc72ruztzk19ybr0b35bixb8lh8]]></nonce_str>
<openid><![CDATA[ozzPxvjtr5zttbEblmIBBk39MxQc]]></openid>
<out_trade_no><![CDATA[851317055682127633]]></out_trade_no>
<result_code><![CDATA[SUCCESS]]></result_code>
<return_code><![CDATA[SUCCESS]]></return_code>
<sign><![CDATA[0E4EA6043BDF80271FC5A2540C745FBD]]></sign>
<time_end><![CDATA[20171117160010]]></time_end>
<total_fee>1</total_fee>
<trade_type><![CDATA[NATIVE]]></trade_type>
<transaction_id><![CDATA[4200000021201711175247364281]]></transaction_id>
</xml>
2017-11-17 17:13:32,wxpay:POST:<xml><appid><![CDATA[wxfb7a886d5e56d43e]]></appid>
<attach><![CDATA[60个元宝]]></attach>
<bank_type><![CDATA[CFT]]></bank_type>
<cash_fee><![CDATA[1]]></cash_fee>
<fee_type><![CDATA[CNY]]></fee_type>
<is_subscribe><![CDATA[N]]></is_subscribe>
<mch_id><![CDATA[1369778202]]></mch_id>
<nonce_str><![CDATA[26p0xsc72ruztzk19ybr0b35bixb8lh8]]></nonce_str>
<openid><![CDATA[ozzPxvjtr5zttbEblmIBBk39MxQc]]></openid>
<out_trade_no><![CDATA[851317055682127633]]></out_trade_no>
<result_code><![CDATA[SUCCESS]]></result_code>
<return_code><![CDATA[SUCCESS]]></return_code>
<sign><![CDATA[0E4EA6043BDF80271FC5A2540C745FBD]]></sign>
<time_end><![CDATA[20171117160010]]></time_end>
<total_fee>1</total_fee>
<trade_type><![CDATA[NATIVE]]></trade_type>
<transaction_id><![CDATA[4200000021201711175247364281]]></transaction_id>
</xml>
