2017-11-23 13:40:36,wxpay:POST:<xml><appid><![CDATA[wxfb7a886d5e56d43e]]></appid>
<attach><![CDATA[60个元宝]]></attach>
<bank_type><![CDATA[CFT]]></bank_type>
<cash_fee><![CDATA[1]]></cash_fee>
<fee_type><![CDATA[CNY]]></fee_type>
<is_subscribe><![CDATA[N]]></is_subscribe>
<mch_id><![CDATA[1369778202]]></mch_id>
<nonce_str><![CDATA[0ywvh7k42y3btuestq0038ubtgstvhrw]]></nonce_str>
<openid><![CDATA[ozzPxvjtr5zttbEblmIBBk39MxQc]]></openid>
<out_trade_no><![CDATA[1511415379]]></out_trade_no>
<result_code><![CDATA[SUCCESS]]></result_code>
<return_code><![CDATA[SUCCESS]]></return_code>
<sign><![CDATA[BEB1B7DCF3CF90B5A60BBC387F9B4046]]></sign>
<time_end><![CDATA[20171123133625]]></time_end>
<total_fee>1</total_fee>
<trade_type><![CDATA[MWEB]]></trade_type>
<transaction_id><![CDATA[4200000011201711236508867203]]></transaction_id>
</xml>
2017-11-23 13:41:10,wxpay:POST:<xml><appid><![CDATA[wxfb7a886d5e56d43e]]></appid>
<attach><![CDATA[60个元宝]]></attach>
<bank_type><![CDATA[CFT]]></bank_type>
<cash_fee><![CDATA[1]]></cash_fee>
<fee_type><![CDATA[CNY]]></fee_type>
<is_subscribe><![CDATA[N]]></is_subscribe>
<mch_id><![CDATA[1369778202]]></mch_id>
<nonce_str><![CDATA[0ywvh7k42y3btuestq0038ubtgstvhrw]]></nonce_str>
<openid><![CDATA[ozzPxvjtr5zttbEblmIBBk39MxQc]]></openid>
<out_trade_no><![CDATA[1511415379]]></out_trade_no>
<result_code><![CDATA[SUCCESS]]></result_code>
<return_code><![CDATA[SUCCESS]]></return_code>
<sign><![CDATA[BEB1B7DCF3CF90B5A60BBC387F9B4046]]></sign>
<time_end><![CDATA[20171123133625]]></time_end>
<total_fee>1</total_fee>
<trade_type><![CDATA[MWEB]]></trade_type>
<transaction_id><![CDATA[4200000011201711236508867203]]></transaction_id>
</xml>
2017-11-23 13:41:12,wxpay:POST:<xml><appid><![CDATA[wxfb7a886d5e56d43e]]></appid>
<attach><![CDATA[60个元宝]]></attach>
<bank_type><![CDATA[CFT]]></bank_type>
<cash_fee><![CDATA[1]]></cash_fee>
<fee_type><![CDATA[CNY]]></fee_type>
<is_subscribe><![CDATA[N]]></is_subscribe>
<mch_id><![CDATA[1369778202]]></mch_id>
<nonce_str><![CDATA[0ywvh7k42y3btuestq0038ubtgstvhrw]]></nonce_str>
<openid><![CDATA[ozzPxvjtr5zttbEblmIBBk39MxQc]]></openid>
<out_trade_no><![CDATA[1511415379]]></out_trade_no>
<result_code><![CDATA[SUCCESS]]></result_code>
<return_code><![CDATA[SUCCESS]]></return_code>
<sign><![CDATA[BEB1B7DCF3CF90B5A60BBC387F9B4046]]></sign>
<time_end><![CDATA[20171123133625]]></time_end>
<total_fee>1</total_fee>
<trade_type><![CDATA[MWEB]]></trade_type>
<transaction_id><![CDATA[4200000011201711236508867203]]></transaction_id>
</xml>
2017-11-23 13:49:12,wxpay:POST:<xml><appid><![CDATA[wxfb7a886d5e56d43e]]></appid>
<attach><![CDATA[60个元宝]]></attach>
<bank_type><![CDATA[CFT]]></bank_type>
<cash_fee><![CDATA[1]]></cash_fee>
<fee_type><![CDATA[CNY]]></fee_type>
<is_subscribe><![CDATA[N]]></is_subscribe>
<mch_id><![CDATA[1369778202]]></mch_id>
<nonce_str><![CDATA[5w6vvdada9g5vv0q12dpgkrttbjc2zw5]]></nonce_str>
<openid><![CDATA[ozzPxvjtr5zttbEblmIBBk39MxQc]]></openid>
<out_trade_no><![CDATA[851323161051831595]]></out_trade_no>
<result_code><![CDATA[SUCCESS]]></result_code>
<return_code><![CDATA[SUCCESS]]></return_code>
<sign><![CDATA[D717F346317C5B9239628456FDEDC54B]]></sign>
<time_end><![CDATA[20171123134835]]></time_end>
<total_fee>1</total_fee>
<trade_type><![CDATA[MWEB]]></trade_type>
<transaction_id><![CDATA[4200000018201711236503923754]]></transaction_id>
</xml>
